Using pre-set license
Built from '2022.3/staging' branch; Version is '2022.3.58f1 (ed7f6eacb62e) revision 15564654'; Using compiler version '192829333'; Build Type 'Release'
OS: 'Windows 10  (10.0.19045) 64bit Enterprise' Language: 'uk' Physical Memory: 7834 MB
BatchMode: 1, IsHumanControllingUs: 0, StartBugReporterOnCrash: 0, Is64bit: 1, IsPro: 1

COMMAND LINE ARGUMENTS:
C:\Program Files\Unity\Hub\Editor\2022.3.58f1\Editor\Unity.exe
-adb2
-batchMode
-noUpm
-name
AssetImportWorker1
-projectPath
C:/Users/user/OneDrive/Dokumente/GitHub/Horror_game/Horror_game
-logFile
Logs/AssetImportWorker1.log
-srvPort
64763
Successfully changed project path to: C:/Users/user/OneDrive/Dokumente/GitHub/Horror_game/Horror_game
C:/Users/user/OneDrive/Dokumente/GitHub/Horror_game/Horror_game
[UnityMemory] Configuration Parameters - Can be set up in boot.config
    "memorysetup-bucket-allocator-granularity=16"
    "memorysetup-bucket-allocator-bucket-count=8"
    "memorysetup-bucket-allocator-block-size=33554432"
    "memorysetup-bucket-allocator-block-count=8"
    "memorysetup-main-allocator-block-size=16777216"
    "memorysetup-thread-allocator-block-size=16777216"
    "memorysetup-gfx-main-allocator-block-size=16777216"
    "memorysetup-gfx-thread-allocator-block-size=16777216"
    "memorysetup-cache-allocator-block-size=4194304"
    "memorysetup-typetree-allocator-block-size=2097152"
    "memorysetup-profiler-bucket-allocator-granularity=16"
    "memorysetup-profiler-bucket-allocator-bucket-count=8"
    "memorysetup-profiler-bucket-allocator-block-size=33554432"
    "memorysetup-profiler-bucket-allocator-block-count=8"
    "memorysetup-profiler-allocator-block-size=16777216"
    "memorysetup-profiler-editor-allocator-block-size=1048576"
    "memorysetup-temp-allocator-size-main=16777216"
    "memorysetup-job-temp-allocator-block-size=2097152"
    "memorysetup-job-temp-allocator-block-size-background=1048576"
    "memorysetup-job-temp-allocator-reduction-small-platforms=262144"
    "memorysetup-allocator-temp-initial-block-size-main=262144"
    "memorysetup-allocator-temp-initial-block-size-worker=262144"
    "memorysetup-temp-allocator-size-background-worker=32768"
    "memorysetup-temp-allocator-size-job-worker=262144"
    "memorysetup-temp-allocator-size-preload-manager=33554432"
    "memorysetup-temp-allocator-size-nav-mesh-worker=65536"
    "memorysetup-temp-allocator-size-audio-worker=65536"
    "memorysetup-temp-allocator-size-cloud-worker=32768"
    "memorysetup-temp-allocator-size-gi-baking-worker=262144"
    "memorysetup-temp-allocator-size-gfx=262144"
Player connection [21956]  Target information:

Player connection [21956]  * "[IP] 10.246.89.195 [Port] 0 [Flags] 2 [Guid] 1491407365 [EditorId] 1491407365 [Version] 1048832 [Id] WindowsEditor(7,WIN-153H1PF3991) [Debug] 1 [PackageName] WindowsEditor [ProjectName] Editor" 

Player connection [21956] Host joined multi-casting on [225.0.0.222:54997]...
Player connection [21956] Host joined alternative multi-casting on [225.0.0.222:34997]...
Input System module state changed to: Initialized.
[PhysX] Initialized MultithreadedTaskDispatcher with 4 workers.
Refreshing native plugins compatible for Editor in 73.88 ms, found 3 plugins.
Preloading 0 native plugins for Editor in 0.00 ms.
Initialize engine version: 2022.3.58f1 (ed7f6eacb62e)
[Subsystems] Discovering subsystems at path C:/Program Files/Unity/Hub/Editor/2022.3.58f1/Editor/Data/Resources/UnitySubsystems
[Subsystems] Discovering subsystems at path C:/Users/user/OneDrive/Dokumente/GitHub/Horror_game/Horror_game/Assets
GfxDevice: creating device client; threaded=0; jobified=0
Direct3D:
    Version:  Direct3D 11.0 [level 11.1]
    Renderer: Intel(R) UHD Graphics (ID=0x9a78)
    Vendor:   Intel
    VRAM:     3917 MB
    Driver:   27.20.100.8935
Initialize mono
Mono path[0] = 'C:/Program Files/Unity/Hub/Editor/2022.3.58f1/Editor/Data/Managed'
Mono path[1] = 'C:/Program Files/Unity/Hub/Editor/2022.3.58f1/Editor/Data/MonoBleedingEdge/lib/mono/unityjit-win32'
Mono config path = 'C:/Program Files/Unity/Hub/Editor/2022.3.58f1/Editor/Data/MonoBleedingEdge/etc'
Using monoOptions --debugger-agent=transport=dt_socket,embedding=1,server=y,suspend=n,address=127.0.0.1:56492
Begin MonoManager ReloadAssembly
Registering precompiled unity dll's ...
Register platform support module: C:/Program Files/Unity/Hub/Editor/2022.3.58f1/Editor/Data/PlaybackEngines/WindowsStandaloneSupport/UnityEditor.WindowsStandalone.Extensions.dll
Registered in 0.013163 seconds.
- Loaded All Assemblies, in  2.301 seconds
Native extension for WindowsStandalone target not found
Mono: successfully reloaded assembly
- Finished resetting the current domain, in  1.576 seconds
Domain Reload Profiling: 3875ms
	BeginReloadAssembly (757ms)
		ExecutionOrderSort (0ms)
		DisableScriptedObjects (0ms)
		BackupInstance (0ms)
		ReleaseScriptingObjects (0ms)
		CreateAndSetChildDomain (5ms)
	RebuildCommonClasses (79ms)
	RebuildNativeTypeToScriptingClass (21ms)
	initialDomainReloadingComplete (148ms)
	LoadAllAssembliesAndSetupDomain (1292ms)
		LoadAssemblies (738ms)
		RebuildTransferFunctionScriptingTraits (0ms)
		AnalyzeDomain (1288ms)
			TypeCache.Refresh (1284ms)
				TypeCache.ScanAssembly (1236ms)
			ScanForSourceGeneratedMonoScriptInfo (1ms)
			ResolveRequiredComponents (3ms)
	FinalizeReload (1578ms)
		ReleaseScriptCaches (0ms)
		RebuildScriptCaches (0ms)
		SetupLoadedEditorAssemblies (1334ms)
			LogAssemblyErrors (0ms)
			InitializePlatformSupportModulesInManaged (30ms)
			SetLoadedEditorAssemblies (31ms)
			RefreshPlugins (0ms)
			BeforeProcessingInitializeOnLoad (10ms)
			ProcessInitializeOnLoadAttributes (1132ms)
			ProcessInitializeOnLoadMethodAttributes (125ms)
			AfterProcessingInitializeOnLoad (0ms)
			EditorAssembliesLoaded (5ms)
		ExecutionOrderSort2 (0ms)
		AwakeInstancesAfterBackupRestoration (0ms)
========================================================================
Worker process is ready to serve import requests
Caller must complete domain reload
Begin MonoManager ReloadAssembly
- Loaded All Assemblies, in  5.723 seconds
Native extension for WindowsStandalone target not found
Mono: successfully reloaded assembly
- Finished resetting the current domain, in  4.756 seconds
Domain Reload Profiling: 10469ms
	BeginReloadAssembly (888ms)
		ExecutionOrderSort (0ms)
		DisableScriptedObjects (12ms)
		BackupInstance (0ms)
		ReleaseScriptingObjects (1ms)
		CreateAndSetChildDomain (118ms)
	RebuildCommonClasses (154ms)
	RebuildNativeTypeToScriptingClass (116ms)
	initialDomainReloadingComplete (194ms)
	LoadAllAssembliesAndSetupDomain (4360ms)
		LoadAssemblies (2812ms)
		RebuildTransferFunctionScriptingTraits (0ms)
		AnalyzeDomain (1973ms)
			TypeCache.Refresh (1838ms)
				TypeCache.ScanAssembly (1742ms)
			ScanForSourceGeneratedMonoScriptInfo (68ms)
			ResolveRequiredComponents (55ms)
	FinalizeReload (4758ms)
		ReleaseScriptCaches (0ms)
		RebuildScriptCaches (0ms)
		SetupLoadedEditorAssemblies (3706ms)
			LogAssemblyErrors (0ms)
			InitializePlatformSupportModulesInManaged (58ms)
			SetLoadedEditorAssemblies (12ms)
			RefreshPlugins (0ms)
			BeforeProcessingInitializeOnLoad (282ms)
			ProcessInitializeOnLoadAttributes (3269ms)
			ProcessInitializeOnLoadMethodAttributes (58ms)
			AfterProcessingInitializeOnLoad (26ms)
			EditorAssembliesLoaded (1ms)
		ExecutionOrderSort2 (0ms)
		AwakeInstancesAfterBackupRestoration (11ms)
Launched and connected shader compiler UnityShaderCompiler.exe after 0.23 seconds
Refreshing native plugins compatible for Editor in 24.42 ms, found 3 plugins.
Preloading 0 native plugins for Editor in 0.00 ms.
Unloading 3522 Unused Serialized files (Serialized files now loaded: 0)
Unloading 20 unused Assets / (103.8 KB). Loaded Objects now: 3995.
Memory consumption went from 136.2 MB to 136.1 MB.
Total: 12.738700 ms (FindLiveObjects: 1.423500 ms CreateObjectMapping: 0.963400 ms MarkObjects: 9.826500 ms  DeleteObjects: 0.523400 ms)

AssetImportParameters requested are different than current active one (requested -> active):
  custom:container-demuxer-ogg: 62fdf1f143b41e24485cea50d1cbac27 -> 
  custom:video-decoder-ogg-theora: a1e56fd34408186e4bbccfd4996cb3dc -> 
  custom:framework-win-MediaFoundation: 216162199b28c13a410421893ffa2e32 -> 
  custom:CustomObjectIndexerAttribute: 9a22284fe3817be447336de3de66b15e -> 
  custom:container-demuxer-webm: 4f35f7cbe854078d1ac9338744f61a02 -> 
  custom:container-muxer-webm: aa71ff27fc2769a1b78a27578f13a17b -> 
  custom:video-decoder-webm-vp8: 9c59270c3fd7afecdb556c50c9e8de78 -> 
  custom:SearchIndexIgnoredProperties: e643bd26f0fe6173181afceb89e7c659 -> 
  custom:AudioImporter_EditorPlatform: d09bf68614088b80899f8185d706f6e7 -> 
  custom:video-encoder-webm-vp8: eb34c28f22e8b96e1ab97ce403110664 -> 
  custom:audio-decoder-ogg-vorbis: bf7c407c2cedff20999df2af8eb42d56 -> 
  custom:audio-encoder-webm-vorbis: bf7c407c2cedff20999df2af8eb42d56 -> 
========================================================================
Received Import Request.
  Time since last request: 72113.863689 seconds.
  path: Assets/Multistory Dungeons 2/Prefabs/Props/Furniture/Cupboard_Preset_08.prefab
  artifactKey: Guid(34b63ad9eee444f5a16ccab020f97c56) Importer(815301076,1909f56bfc062723c751e8b465ee728b)
Start importing Assets/Multistory Dungeons 2/Prefabs/Props/Furniture/Cupboard_Preset_08.prefab using Guid(34b63ad9eee444f5a16ccab020f97c56) Importer(815301076,1909f56bfc062723c751e8b465ee728b) [PhysX] Initialized MultithreadedTaskDispatcher with 4 workers.
[PhysX] Initialized MultithreadedTaskDispatcher with 4 workers.
 -> (artifact id: '91170d4587cb8ab70a7595bbc5d056ae') in 4.050791 seconds
Number of updated asset objects reloaded before import = 0
Number of asset objects unloaded after import = 22
========================================================================
Received Import Request.
  Time since last request: 0.000087 seconds.
  path: Assets/Multistory Dungeons 2/Prefabs/Props/Torch_Handheld_01.prefab
  artifactKey: Guid(28bbda36f51a405f8e8a661d2246404a) Importer(815301076,1909f56bfc062723c751e8b465ee728b)
Start importing Assets/Multistory Dungeons 2/Prefabs/Props/Torch_Handheld_01.prefab using Guid(28bbda36f51a405f8e8a661d2246404a) Importer(815301076,1909f56bfc062723c751e8b465ee728b) [PhysX] Initialized MultithreadedTaskDispatcher with 4 workers.
[PhysX] Initialized MultithreadedTaskDispatcher with 4 workers.
 -> (artifact id: '83f09cc2a1be0e43b8750810a99dbdfc') in 1.313093 seconds
Number of updated asset objects reloaded before import = 0
Number of asset objects unloaded after import = 22
========================================================================
Received Import Request.
  Time since last request: 0.035070 seconds.
  path: Assets/Multistory Dungeons 2/Prefabs/Props/Treasure_Chest_Base_02.prefab
  artifactKey: Guid(f145d8a31a7a4126899cac55d3396d94) Importer(815301076,1909f56bfc062723c751e8b465ee728b)
Start importing Assets/Multistory Dungeons 2/Prefabs/Props/Treasure_Chest_Base_02.prefab using Guid(f145d8a31a7a4126899cac55d3396d94) Importer(815301076,1909f56bfc062723c751e8b465ee728b) [PhysX] Initialized MultithreadedTaskDispatcher with 4 workers.
[PhysX] Initialized MultithreadedTaskDispatcher with 4 workers.
 -> (artifact id: '9c73a5fd4b18308e5988040bd5ef8b57') in 0.199833 seconds
Number of updated asset objects reloaded before import = 0
Number of asset objects unloaded after import = 18
========================================================================
Received Import Request.
  Time since last request: 0.000034 seconds.
  path: Assets/Multistory Dungeons 2/Prefabs/Props/Barrels_Preset_02.prefab
  artifactKey: Guid(c0ec564d1f2148c99703100107fde91c) Importer(815301076,1909f56bfc062723c751e8b465ee728b)
Start importing Assets/Multistory Dungeons 2/Prefabs/Props/Barrels_Preset_02.prefab using Guid(c0ec564d1f2148c99703100107fde91c) Importer(815301076,1909f56bfc062723c751e8b465ee728b) [PhysX] Initialized MultithreadedTaskDispatcher with 4 workers.
[PhysX] Initialized MultithreadedTaskDispatcher with 4 workers.
 -> (artifact id: '72ac95d3ec37bc678cbea8b4d320fd22') in 0.754008 seconds
Number of updated asset objects reloaded before import = 0
Number of asset objects unloaded after import = 14
========================================================================
Received Import Request.
  Time since last request: 0.024257 seconds.
  path: Assets/Multistory Dungeons 2/Prefabs/Props/Furniture/Table_Preset_07.prefab
  artifactKey: Guid(ebca31b02b704c8fba1ab8328306f126) Importer(815301076,1909f56bfc062723c751e8b465ee728b)
Start importing Assets/Multistory Dungeons 2/Prefabs/Props/Furniture/Table_Preset_07.prefab using Guid(ebca31b02b704c8fba1ab8328306f126) Importer(815301076,1909f56bfc062723c751e8b465ee728b) [PhysX] Initialized MultithreadedTaskDispatcher with 4 workers.
[PhysX] Initialized MultithreadedTaskDispatcher with 4 workers.
 -> (artifact id: '2ac7f530ab445a2275f966822fe4bf09') in 0.606201 seconds
Number of updated asset objects reloaded before import = 0
Number of asset objects unloaded after import = 22
========================================================================
Received Import Request.
  Time since last request: 0.005997 seconds.
  path: Assets/Multistory Dungeons 2/Prefabs/Props/Furniture/Table_Preset_06.prefab
  artifactKey: Guid(1fba721680014217bdaceed4f6fe154d) Importer(815301076,1909f56bfc062723c751e8b465ee728b)
Start importing Assets/Multistory Dungeons 2/Prefabs/Props/Furniture/Table_Preset_06.prefab using Guid(1fba721680014217bdaceed4f6fe154d) Importer(815301076,1909f56bfc062723c751e8b465ee728b) [PhysX] Initialized MultithreadedTaskDispatcher with 4 workers.
[PhysX] Initialized MultithreadedTaskDispatcher with 4 workers.
 -> (artifact id: 'c3f5b3cbc7e2896e6e28c226f798704c') in 0.610447 seconds
Number of updated asset objects reloaded before import = 0
Number of asset objects unloaded after import = 22
========================================================================
Received Import Request.
  Time since last request: 0.002081 seconds.
  path: Assets/Multistory Dungeons 2/Prefabs/Props/Furniture/Drawer_01.prefab
  artifactKey: Guid(d8f3e38cbedc47d88632b646b8e53412) Importer(815301076,1909f56bfc062723c751e8b465ee728b)
Start importing Assets/Multistory Dungeons 2/Prefabs/Props/Furniture/Drawer_01.prefab using Guid(d8f3e38cbedc47d88632b646b8e53412) Importer(815301076,1909f56bfc062723c751e8b465ee728b) [PhysX] Initialized MultithreadedTaskDispatcher with 4 workers.
[PhysX] Initialized MultithreadedTaskDispatcher with 4 workers.
 -> (artifact id: '977062654a5116b275ab3ed744657c24') in 1.396421 seconds
Number of updated asset objects reloaded before import = 0
Number of asset objects unloaded after import = 12
========================================================================
Received Import Request.
  Time since last request: 0.000072 seconds.
  path: Assets/Multistory Dungeons 2/Prefabs/Props/Furniture/Bench_01.prefab
  artifactKey: Guid(37c3c9bac33a4b9dafcace5d47746041) Importer(815301076,1909f56bfc062723c751e8b465ee728b)
Start importing Assets/Multistory Dungeons 2/Prefabs/Props/Furniture/Bench_01.prefab using Guid(37c3c9bac33a4b9dafcace5d47746041) Importer(815301076,1909f56bfc062723c751e8b465ee728b) [PhysX] Initialized MultithreadedTaskDispatcher with 4 workers.
[PhysX] Initialized MultithreadedTaskDispatcher with 4 workers.
 -> (artifact id: '49f54b4c6d92691c5df8f03258a6dc7e') in 0.364407 seconds
Number of updated asset objects reloaded before import = 0
Number of asset objects unloaded after import = 19
========================================================================
Received Import Request.
  Time since last request: 0.004811 seconds.
  path: Assets/Multistory Dungeons 2/Prefabs/Props/Furniture/Drawer_Preset_02.prefab
  artifactKey: Guid(b2c20920a51e43e39c7bc73ae33fa1df) Importer(815301076,1909f56bfc062723c751e8b465ee728b)
Start importing Assets/Multistory Dungeons 2/Prefabs/Props/Furniture/Drawer_Preset_02.prefab using Guid(b2c20920a51e43e39c7bc73ae33fa1df) Importer(815301076,1909f56bfc062723c751e8b465ee728b) [PhysX] Initialized MultithreadedTaskDispatcher with 4 workers.
[PhysX] Initialized MultithreadedTaskDispatcher with 4 workers.
 -> (artifact id: 'e7d11a90d118b2414e54aea5d64a0183') in 0.338069 seconds
Number of updated asset objects reloaded before import = 0
Number of asset objects unloaded after import = 21
========================================================================
Received Import Request.
  Time since last request: 0.000032 seconds.
  path: Assets/Multistory Dungeons 2/Prefabs/Props/Barrel_02.prefab
  artifactKey: Guid(b15f5745a0d64fb5b2ae7554210dff7a) Importer(815301076,1909f56bfc062723c751e8b465ee728b)
Start importing Assets/Multistory Dungeons 2/Prefabs/Props/Barrel_02.prefab using Guid(b15f5745a0d64fb5b2ae7554210dff7a) Importer(815301076,1909f56bfc062723c751e8b465ee728b) [PhysX] Initialized MultithreadedTaskDispatcher with 4 workers.
[PhysX] Initialized MultithreadedTaskDispatcher with 4 workers.
 -> (artifact id: 'b6ae5fb0e82104bbd73e99c907cbbe27') in 0.141976 seconds
Number of updated asset objects reloaded before import = 0
Number of asset objects unloaded after import = 12
========================================================================
Received Import Request.
  Time since last request: 0.000044 seconds.
  path: Assets/Multistory Dungeons 2/Prefabs/Props/Jugs_Preset_01.prefab
  artifactKey: Guid(3c48fffcc1564b28b55bbdf60e5b9a8d) Importer(815301076,1909f56bfc062723c751e8b465ee728b)
Start importing Assets/Multistory Dungeons 2/Prefabs/Props/Jugs_Preset_01.prefab using Guid(3c48fffcc1564b28b55bbdf60e5b9a8d) Importer(815301076,1909f56bfc062723c751e8b465ee728b) [PhysX] Initialized MultithreadedTaskDispatcher with 4 workers.
[PhysX] Initialized MultithreadedTaskDispatcher with 4 workers.
 -> (artifact id: '5b1ac278a0c7ee9a49ca18bb45da6ae1') in 0.199765 seconds
Number of updated asset objects reloaded before import = 0
Number of asset objects unloaded after import = 14
========================================================================
Received Import Request.
  Time since last request: 0.000887 seconds.
  path: Assets/Multistory Dungeons 2/Prefabs/Props/Furniture/Cupboard_Preset_05.prefab
  artifactKey: Guid(9ca80a708cb044a896bdc73595df86e4) Importer(815301076,1909f56bfc062723c751e8b465ee728b)
Start importing Assets/Multistory Dungeons 2/Prefabs/Props/Furniture/Cupboard_Preset_05.prefab using Guid(9ca80a708cb044a896bdc73595df86e4) Importer(815301076,1909f56bfc062723c751e8b465ee728b) [PhysX] Initialized MultithreadedTaskDispatcher with 4 workers.
[PhysX] Initialized MultithreadedTaskDispatcher with 4 workers.
 -> (artifact id: 'b9418c4cee2650891030ac1b4e58244b') in 0.388578 seconds
Number of updated asset objects reloaded before import = 0
Number of asset objects unloaded after import = 22
========================================================================
Received Import Request.
  Time since last request: 0.000034 seconds.
  path: Assets/Multistory Dungeons 2/Prefabs/Props/Barrels_Preset_04.prefab
  artifactKey: Guid(0e749be40a6b4f60935cf7e490b57d1e) Importer(815301076,1909f56bfc062723c751e8b465ee728b)
Start importing Assets/Multistory Dungeons 2/Prefabs/Props/Barrels_Preset_04.prefab using Guid(0e749be40a6b4f60935cf7e490b57d1e) Importer(815301076,1909f56bfc062723c751e8b465ee728b) [PhysX] Initialized MultithreadedTaskDispatcher with 4 workers.
[PhysX] Initialized MultithreadedTaskDispatcher with 4 workers.
 -> (artifact id: '54fd25d7e1392a5cca41c9ffc73b7e76') in 0.173794 seconds
Number of updated asset objects reloaded before import = 0
Number of asset objects unloaded after import = 15
========================================================================
Received Import Request.
  Time since last request: 0.000071 seconds.
  path: Assets/Multistory Dungeons 2/Prefabs/Props/Furniture/Table_Preset_05.prefab
  artifactKey: Guid(ac54d2d6fecb48fe86a84515a8d01eb9) Importer(815301076,1909f56bfc062723c751e8b465ee728b)
Start importing Assets/Multistory Dungeons 2/Prefabs/Props/Furniture/Table_Preset_05.prefab using Guid(ac54d2d6fecb48fe86a84515a8d01eb9) Importer(815301076,1909f56bfc062723c751e8b465ee728b) [PhysX] Initialized MultithreadedTaskDispatcher with 4 workers.
[PhysX] Initialized MultithreadedTaskDispatcher with 4 workers.
 -> (artifact id: '5fba6c0e1b5ce223e325bdf6ea4c5d44') in 0.385169 seconds
Number of updated asset objects reloaded before import = 0
Number of asset objects unloaded after import = 21
========================================================================
Received Import Request.
  Time since last request: 0.000047 seconds.
  path: Assets/Multistory Dungeons 2/Prefabs/Props/Bucket_01.prefab
  artifactKey: Guid(8f91923b9a9c4dd2a622b3b1c3231268) Importer(815301076,1909f56bfc062723c751e8b465ee728b)
Start importing Assets/Multistory Dungeons 2/Prefabs/Props/Bucket_01.prefab using Guid(8f91923b9a9c4dd2a622b3b1c3231268) Importer(815301076,1909f56bfc062723c751e8b465ee728b) [PhysX] Initialized MultithreadedTaskDispatcher with 4 workers.
[PhysX] Initialized MultithreadedTaskDispatcher with 4 workers.
 -> (artifact id: '12ad6f457c21dd562da48ef1733b1b40') in 0.195501 seconds
Number of updated asset objects reloaded before import = 0
Number of asset objects unloaded after import = 11
========================================================================
Received Import Request.
  Time since last request: 0.000043 seconds.
  path: Assets/Multistory Dungeons 2/Prefabs/Props/Jugs_Preset_02.prefab
  artifactKey: Guid(f59e02d325704d6e9f804b133aa7b6f1) Importer(815301076,1909f56bfc062723c751e8b465ee728b)
Start importing Assets/Multistory Dungeons 2/Prefabs/Props/Jugs_Preset_02.prefab using Guid(f59e02d325704d6e9f804b133aa7b6f1) Importer(815301076,1909f56bfc062723c751e8b465ee728b) [PhysX] Initialized MultithreadedTaskDispatcher with 4 workers.
[PhysX] Initialized MultithreadedTaskDispatcher with 4 workers.
 -> (artifact id: '7bee725b260adaf39c6f1f59a49fddb6') in 0.183718 seconds
Number of updated asset objects reloaded before import = 0
Number of asset objects unloaded after import = 14
========================================================================
Received Import Request.
  Time since last request: 0.000717 seconds.
  path: Assets/Multistory Dungeons 2/Prefabs/Props/Furniture/Cupboard_04.prefab
  artifactKey: Guid(7d6463315d4e403f9ccc2aea0d6ecc77) Importer(815301076,1909f56bfc062723c751e8b465ee728b)
Start importing Assets/Multistory Dungeons 2/Prefabs/Props/Furniture/Cupboard_04.prefab using Guid(7d6463315d4e403f9ccc2aea0d6ecc77) Importer(815301076,1909f56bfc062723c751e8b465ee728b) [PhysX] Initialized MultithreadedTaskDispatcher with 4 workers.
[PhysX] Initialized MultithreadedTaskDispatcher with 4 workers.
 -> (artifact id: '61f8c74a24a0168cf428544456c6244c') in 0.689082 seconds
Number of updated asset objects reloaded before import = 0
Number of asset objects unloaded after import = 12
========================================================================
Received Import Request.
  Time since last request: 0.000059 seconds.
  path: Assets/Multistory Dungeons 2/Prefabs/Props/Furniture/Shelf_Preset_04.prefab
  artifactKey: Guid(d7a5e14202ef45918353047c81112c8a) Importer(815301076,1909f56bfc062723c751e8b465ee728b)
Start importing Assets/Multistory Dungeons 2/Prefabs/Props/Furniture/Shelf_Preset_04.prefab using Guid(d7a5e14202ef45918353047c81112c8a) Importer(815301076,1909f56bfc062723c751e8b465ee728b) [PhysX] Initialized MultithreadedTaskDispatcher with 4 workers.
[PhysX] Initialized MultithreadedTaskDispatcher with 4 workers.
 -> (artifact id: '40314f44718a58e388c1b42d23aa6323') in 1.198543 seconds
Number of updated asset objects reloaded before import = 0
Number of asset objects unloaded after import = 20
========================================================================
Received Import Request.
  Time since last request: 0.000067 seconds.
  path: Assets/Multistory Dungeons 2/Prefabs/Props/Furniture/Table_Preset_02.prefab
  artifactKey: Guid(4b15c1d3e1d14381be7a78f4ac797171) Importer(815301076,1909f56bfc062723c751e8b465ee728b)
Start importing Assets/Multistory Dungeons 2/Prefabs/Props/Furniture/Table_Preset_02.prefab using Guid(4b15c1d3e1d14381be7a78f4ac797171) Importer(815301076,1909f56bfc062723c751e8b465ee728b) [PhysX] Initialized MultithreadedTaskDispatcher with 4 workers.
[PhysX] Initialized MultithreadedTaskDispatcher with 4 workers.
 -> (artifact id: '2d1e350f10cf5d6a13a235dc5d3999e0') in 0.505265 seconds
Number of updated asset objects reloaded before import = 0
Number of asset objects unloaded after import = 22
