Using pre-set license
Built from '2022.3/staging' branch; Version is '2022.3.58f1 (ed7f6eacb62e) revision 15564654'; Using compiler version '192829333'; Build Type 'Release'
OS: 'Windows 10  (10.0.19045) 64bit Enterprise' Language: 'uk' Physical Memory: 7834 MB
BatchMode: 1, IsHumanControllingUs: 0, StartBugReporterOnCrash: 0, Is64bit: 1, IsPro: 1

COMMAND LINE ARGUMENTS:
C:\Program Files\Unity\Hub\Editor\2022.3.58f1\Editor\Unity.exe
-adb2
-batchMode
-noUpm
-name
AssetImportWorker2
-projectPath
C:/Users/user/OneDrive/Dokumente/GitHub/Horror_game/Horror_game
-logFile
Logs/AssetImportWorker2.log
-srvPort
64763
Successfully changed project path to: C:/Users/user/OneDrive/Dokumente/GitHub/Horror_game/Horror_game
C:/Users/user/OneDrive/Dokumente/GitHub/Horror_game/Horror_game
[UnityMemory] Configuration Parameters - Can be set up in boot.config
    "memorysetup-bucket-allocator-granularity=16"
    "memorysetup-bucket-allocator-bucket-count=8"
    "memorysetup-bucket-allocator-block-size=33554432"
    "memorysetup-bucket-allocator-block-count=8"
    "memorysetup-main-allocator-block-size=16777216"
    "memorysetup-thread-allocator-block-size=16777216"
    "memorysetup-gfx-main-allocator-block-size=16777216"
    "memorysetup-gfx-thread-allocator-block-size=16777216"
    "memorysetup-cache-allocator-block-size=4194304"
    "memorysetup-typetree-allocator-block-size=2097152"
    "memorysetup-profiler-bucket-allocator-granularity=16"
    "memorysetup-profiler-bucket-allocator-bucket-count=8"
    "memorysetup-profiler-bucket-allocator-block-size=33554432"
    "memorysetup-profiler-bucket-allocator-block-count=8"
    "memorysetup-profiler-allocator-block-size=16777216"
    "memorysetup-profiler-editor-allocator-block-size=1048576"
    "memorysetup-temp-allocator-size-main=16777216"
    "memorysetup-job-temp-allocator-block-size=2097152"
    "memorysetup-job-temp-allocator-block-size-background=1048576"
    "memorysetup-job-temp-allocator-reduction-small-platforms=262144"
    "memorysetup-allocator-temp-initial-block-size-main=262144"
    "memorysetup-allocator-temp-initial-block-size-worker=262144"
    "memorysetup-temp-allocator-size-background-worker=32768"
    "memorysetup-temp-allocator-size-job-worker=262144"
    "memorysetup-temp-allocator-size-preload-manager=33554432"
    "memorysetup-temp-allocator-size-nav-mesh-worker=65536"
    "memorysetup-temp-allocator-size-audio-worker=65536"
    "memorysetup-temp-allocator-size-cloud-worker=32768"
    "memorysetup-temp-allocator-size-gi-baking-worker=262144"
    "memorysetup-temp-allocator-size-gfx=262144"
Player connection [26832]  Target information:

Player connection [26832]  * "[IP] 10.246.89.195 [Port] 0 [Flags] 2 [Guid] 2980242600 [EditorId] 2980242600 [Version] 1048832 [Id] WindowsEditor(7,WIN-153H1PF3991) [Debug] 1 [PackageName] WindowsEditor [ProjectName] Editor" 

Player connection [26832] Host joined multi-casting on [225.0.0.222:54997]...
Player connection [26832] Host joined alternative multi-casting on [225.0.0.222:34997]...
Input System module state changed to: Initialized.
[PhysX] Initialized MultithreadedTaskDispatcher with 4 workers.
Refreshing native plugins compatible for Editor in 31.83 ms, found 3 plugins.
Preloading 0 native plugins for Editor in 0.00 ms.
Initialize engine version: 2022.3.58f1 (ed7f6eacb62e)
[Subsystems] Discovering subsystems at path C:/Program Files/Unity/Hub/Editor/2022.3.58f1/Editor/Data/Resources/UnitySubsystems
[Subsystems] Discovering subsystems at path C:/Users/user/OneDrive/Dokumente/GitHub/Horror_game/Horror_game/Assets
GfxDevice: creating device client; threaded=0; jobified=0
Direct3D:
    Version:  Direct3D 11.0 [level 11.1]
    Renderer: Intel(R) UHD Graphics (ID=0x9a78)
    Vendor:   Intel
    VRAM:     3917 MB
    Driver:   27.20.100.8935
Initialize mono
Mono path[0] = 'C:/Program Files/Unity/Hub/Editor/2022.3.58f1/Editor/Data/Managed'
Mono path[1] = 'C:/Program Files/Unity/Hub/Editor/2022.3.58f1/Editor/Data/MonoBleedingEdge/lib/mono/unityjit-win32'
Mono config path = 'C:/Program Files/Unity/Hub/Editor/2022.3.58f1/Editor/Data/MonoBleedingEdge/etc'
Using monoOptions --debugger-agent=transport=dt_socket,embedding=1,server=y,suspend=n,address=127.0.0.1:56508
Begin MonoManager ReloadAssembly
Registering precompiled unity dll's ...
Register platform support module: C:/Program Files/Unity/Hub/Editor/2022.3.58f1/Editor/Data/PlaybackEngines/WindowsStandaloneSupport/UnityEditor.WindowsStandalone.Extensions.dll
Registered in 0.045993 seconds.
- Loaded All Assemblies, in  2.762 seconds
Native extension for WindowsStandalone target not found
Mono: successfully reloaded assembly
- Finished resetting the current domain, in  2.015 seconds
Domain Reload Profiling: 4772ms
	BeginReloadAssembly (791ms)
		ExecutionOrderSort (0ms)
		DisableScriptedObjects (0ms)
		BackupInstance (0ms)
		ReleaseScriptingObjects (0ms)
		CreateAndSetChildDomain (1ms)
	RebuildCommonClasses (163ms)
	RebuildNativeTypeToScriptingClass (92ms)
	initialDomainReloadingComplete (505ms)
	LoadAllAssembliesAndSetupDomain (1204ms)
		LoadAssemblies (797ms)
		RebuildTransferFunctionScriptingTraits (0ms)
		AnalyzeDomain (1192ms)
			TypeCache.Refresh (1188ms)
				TypeCache.ScanAssembly (1115ms)
			ScanForSourceGeneratedMonoScriptInfo (2ms)
			ResolveRequiredComponents (1ms)
	FinalizeReload (2016ms)
		ReleaseScriptCaches (0ms)
		RebuildScriptCaches (0ms)
		SetupLoadedEditorAssemblies (1843ms)
			LogAssemblyErrors (0ms)
			InitializePlatformSupportModulesInManaged (61ms)
			SetLoadedEditorAssemblies (30ms)
			RefreshPlugins (0ms)
			BeforeProcessingInitializeOnLoad (7ms)
			ProcessInitializeOnLoadAttributes (1323ms)
			ProcessInitializeOnLoadMethodAttributes (422ms)
			AfterProcessingInitializeOnLoad (0ms)
			EditorAssembliesLoaded (1ms)
		ExecutionOrderSort2 (0ms)
		AwakeInstancesAfterBackupRestoration (0ms)
========================================================================
Worker process is ready to serve import requests
Caller must complete domain reload
Begin MonoManager ReloadAssembly
- Loaded All Assemblies, in  5.960 seconds
Native extension for WindowsStandalone target not found
Mono: successfully reloaded assembly
- Finished resetting the current domain, in  5.387 seconds
Domain Reload Profiling: 11330ms
	BeginReloadAssembly (1187ms)
		ExecutionOrderSort (0ms)
		DisableScriptedObjects (28ms)
		BackupInstance (0ms)
		ReleaseScriptingObjects (0ms)
		CreateAndSetChildDomain (226ms)
	RebuildCommonClasses (123ms)
	RebuildNativeTypeToScriptingClass (120ms)
	initialDomainReloadingComplete (216ms)
	LoadAllAssembliesAndSetupDomain (4293ms)
		LoadAssemblies (2980ms)
		RebuildTransferFunctionScriptingTraits (0ms)
		AnalyzeDomain (1955ms)
			TypeCache.Refresh (1805ms)
				TypeCache.ScanAssembly (1691ms)
			ScanForSourceGeneratedMonoScriptInfo (83ms)
			ResolveRequiredComponents (41ms)
	FinalizeReload (5390ms)
		ReleaseScriptCaches (0ms)
		RebuildScriptCaches (0ms)
		SetupLoadedEditorAssemblies (4039ms)
			LogAssemblyErrors (0ms)
			InitializePlatformSupportModulesInManaged (77ms)
			SetLoadedEditorAssemblies (12ms)
			RefreshPlugins (0ms)
			BeforeProcessingInitializeOnLoad (178ms)
			ProcessInitializeOnLoadAttributes (3598ms)
			ProcessInitializeOnLoadMethodAttributes (151ms)
			AfterProcessingInitializeOnLoad (24ms)
			EditorAssembliesLoaded (0ms)
		ExecutionOrderSort2 (0ms)
		AwakeInstancesAfterBackupRestoration (15ms)
Launched and connected shader compiler UnityShaderCompiler.exe after 0.19 seconds
Refreshing native plugins compatible for Editor in 29.42 ms, found 3 plugins.
Preloading 0 native plugins for Editor in 0.00 ms.
Unloading 3522 Unused Serialized files (Serialized files now loaded: 0)
Unloading 20 unused Assets / (96.2 KB). Loaded Objects now: 3995.
Memory consumption went from 136.4 MB to 136.3 MB.
Total: 8.037200 ms (FindLiveObjects: 0.920400 ms CreateObjectMapping: 0.405100 ms MarkObjects: 6.482900 ms  DeleteObjects: 0.227300 ms)

AssetImportParameters requested are different than current active one (requested -> active):
  custom:container-demuxer-ogg: 62fdf1f143b41e24485cea50d1cbac27 -> 
  custom:video-decoder-ogg-theora: a1e56fd34408186e4bbccfd4996cb3dc -> 
  custom:framework-win-MediaFoundation: 216162199b28c13a410421893ffa2e32 -> 
  custom:CustomObjectIndexerAttribute: 9a22284fe3817be447336de3de66b15e -> 
  custom:container-demuxer-webm: 4f35f7cbe854078d1ac9338744f61a02 -> 
  custom:container-muxer-webm: aa71ff27fc2769a1b78a27578f13a17b -> 
  custom:video-decoder-webm-vp8: 9c59270c3fd7afecdb556c50c9e8de78 -> 
  custom:SearchIndexIgnoredProperties: e643bd26f0fe6173181afceb89e7c659 -> 
  custom:AudioImporter_EditorPlatform: d09bf68614088b80899f8185d706f6e7 -> 
  custom:video-encoder-webm-vp8: eb34c28f22e8b96e1ab97ce403110664 -> 
  custom:audio-decoder-ogg-vorbis: bf7c407c2cedff20999df2af8eb42d56 -> 
  custom:audio-encoder-webm-vorbis: bf7c407c2cedff20999df2af8eb42d56 -> 
========================================================================
Received Import Request.
  Time since last request: 72114.094100 seconds.
  path: Assets/Multistory Dungeons 2/Prefabs/Props/Lantern_Handheld_01.prefab
  artifactKey: Guid(c2b5621c0df447c6832963ba7245f335) Importer(815301076,1909f56bfc062723c751e8b465ee728b)
Start importing Assets/Multistory Dungeons 2/Prefabs/Props/Lantern_Handheld_01.prefab using Guid(c2b5621c0df447c6832963ba7245f335) Importer(815301076,1909f56bfc062723c751e8b465ee728b) [PhysX] Initialized MultithreadedTaskDispatcher with 4 workers.
[PhysX] Initialized MultithreadedTaskDispatcher with 4 workers.
 -> (artifact id: '44d0deb592e5e56d27b21deff7a30e34') in 3.825712 seconds
Number of updated asset objects reloaded before import = 0
Number of asset objects unloaded after import = 27
========================================================================
Received Import Request.
  Time since last request: 0.000064 seconds.
  path: Assets/Multistory Dungeons 2/Prefabs/Props/Lantern_01.prefab
  artifactKey: Guid(17167dc6dc844dad8cef726ac45a016a) Importer(815301076,1909f56bfc062723c751e8b465ee728b)
Start importing Assets/Multistory Dungeons 2/Prefabs/Props/Lantern_01.prefab using Guid(17167dc6dc844dad8cef726ac45a016a) Importer(815301076,1909f56bfc062723c751e8b465ee728b) [PhysX] Initialized MultithreadedTaskDispatcher with 4 workers.
[PhysX] Initialized MultithreadedTaskDispatcher with 4 workers.
 -> (artifact id: '85275f14c55687660e10076aaf09e11c') in 0.500285 seconds
Number of updated asset objects reloaded before import = 0
Number of asset objects unloaded after import = 20
========================================================================
Received Import Request.
  Time since last request: 0.000055 seconds.
  path: Assets/Multistory Dungeons 2/Prefabs/Props/Furniture/Bench_Wooden_01.prefab
  artifactKey: Guid(b8f3e8c6f9dc4b0cb6f7ee0bec988dcb) Importer(815301076,1909f56bfc062723c751e8b465ee728b)
Start importing Assets/Multistory Dungeons 2/Prefabs/Props/Furniture/Bench_Wooden_01.prefab using Guid(b8f3e8c6f9dc4b0cb6f7ee0bec988dcb) Importer(815301076,1909f56bfc062723c751e8b465ee728b) [PhysX] Initialized MultithreadedTaskDispatcher with 4 workers.
[PhysX] Initialized MultithreadedTaskDispatcher with 4 workers.
 -> (artifact id: 'cf141334b10926fe238b0263ca7a6220') in 0.573851 seconds
Number of updated asset objects reloaded before import = 0
Number of asset objects unloaded after import = 13
========================================================================
Received Import Request.
  Time since last request: 0.016805 seconds.
  path: Assets/Multistory Dungeons 2/Prefabs/Props/Furniture/Cupboard_Preset_03.prefab
  artifactKey: Guid(2c3e3f4479824bceb3d0cece5ec5697f) Importer(815301076,1909f56bfc062723c751e8b465ee728b)
Start importing Assets/Multistory Dungeons 2/Prefabs/Props/Furniture/Cupboard_Preset_03.prefab using Guid(2c3e3f4479824bceb3d0cece5ec5697f) Importer(815301076,1909f56bfc062723c751e8b465ee728b) [PhysX] Initialized MultithreadedTaskDispatcher with 4 workers.
[PhysX] Initialized MultithreadedTaskDispatcher with 4 workers.
 -> (artifact id: '3d95a1a339de45c637eefb633da15cd2') in 1.126048 seconds
Number of updated asset objects reloaded before import = 0
Number of asset objects unloaded after import = 21
========================================================================
Received Import Request.
  Time since last request: 0.000468 seconds.
  path: Assets/Multistory Dungeons 2/Prefabs/Props/Candle_01.prefab
  artifactKey: Guid(f92572ee929e4eb7a01d7dfecc063a29) Importer(815301076,1909f56bfc062723c751e8b465ee728b)
Start importing Assets/Multistory Dungeons 2/Prefabs/Props/Candle_01.prefab using Guid(f92572ee929e4eb7a01d7dfecc063a29) Importer(815301076,1909f56bfc062723c751e8b465ee728b) [PhysX] Initialized MultithreadedTaskDispatcher with 4 workers.
[PhysX] Initialized MultithreadedTaskDispatcher with 4 workers.
 -> (artifact id: '020ea9aa9b852840be8f6d32ff4dd72f') in 0.323395 seconds
Number of updated asset objects reloaded before import = 0
Number of asset objects unloaded after import = 21
========================================================================
Received Import Request.
  Time since last request: 0.072417 seconds.
  path: Assets/Multistory Dungeons 2/Prefabs/Props/Torch_01.prefab
  artifactKey: Guid(c35b4f7b6db0440a8b9972af1d27adea) Importer(815301076,1909f56bfc062723c751e8b465ee728b)
Start importing Assets/Multistory Dungeons 2/Prefabs/Props/Torch_01.prefab using Guid(c35b4f7b6db0440a8b9972af1d27adea) Importer(815301076,1909f56bfc062723c751e8b465ee728b) [PhysX] Initialized MultithreadedTaskDispatcher with 4 workers.
[PhysX] Initialized MultithreadedTaskDispatcher with 4 workers.
 -> (artifact id: '3023aaa99bef5530a55feb08adce1e1c') in 0.298077 seconds
Number of updated asset objects reloaded before import = 0
Number of asset objects unloaded after import = 33
========================================================================
Received Import Request.
  Time since last request: 0.003420 seconds.
  path: Assets/Multistory Dungeons 2/Prefabs/Props/Furniture/Cupboard_Big_Preset_02.prefab
  artifactKey: Guid(0648a8654321442ba88d4834921d373a) Importer(815301076,1909f56bfc062723c751e8b465ee728b)
Start importing Assets/Multistory Dungeons 2/Prefabs/Props/Furniture/Cupboard_Big_Preset_02.prefab using Guid(0648a8654321442ba88d4834921d373a) Importer(815301076,1909f56bfc062723c751e8b465ee728b) [PhysX] Initialized MultithreadedTaskDispatcher with 4 workers.
[PhysX] Initialized MultithreadedTaskDispatcher with 4 workers.
 -> (artifact id: 'c06fef9cbee8c358c0cf76e14861f1d6') in 1.568386 seconds
Number of updated asset objects reloaded before import = 0
Number of asset objects unloaded after import = 22
========================================================================
Received Import Request.
  Time since last request: 0.000067 seconds.
  path: Assets/Multistory Dungeons 2/Prefabs/Props/Candles_02.prefab
  artifactKey: Guid(502607ad5cbe456193f957ac30014e3a) Importer(815301076,1909f56bfc062723c751e8b465ee728b)
Start importing Assets/Multistory Dungeons 2/Prefabs/Props/Candles_02.prefab using Guid(502607ad5cbe456193f957ac30014e3a) Importer(815301076,1909f56bfc062723c751e8b465ee728b) [PhysX] Initialized MultithreadedTaskDispatcher with 4 workers.
[PhysX] Initialized MultithreadedTaskDispatcher with 4 workers.
 -> (artifact id: 'a808f1edd34ee43aaa59e840e2f4494f') in 0.390448 seconds
Number of updated asset objects reloaded before import = 0
Number of asset objects unloaded after import = 36
========================================================================
Received Import Request.
  Time since last request: 0.002164 seconds.
  path: Assets/Multistory Dungeons 2/Prefabs/Props/Treasure_Chest_01.prefab
  artifactKey: Guid(8ae5714440a54f42a374a1787987d54f) Importer(815301076,1909f56bfc062723c751e8b465ee728b)
Start importing Assets/Multistory Dungeons 2/Prefabs/Props/Treasure_Chest_01.prefab using Guid(8ae5714440a54f42a374a1787987d54f) Importer(815301076,1909f56bfc062723c751e8b465ee728b) [PhysX] Initialized MultithreadedTaskDispatcher with 4 workers.
[PhysX] Initialized MultithreadedTaskDispatcher with 4 workers.
 -> (artifact id: '0e00abac1f51d9269ced577760a635fc') in 0.227108 seconds
Number of updated asset objects reloaded before import = 0
Number of asset objects unloaded after import = 18
========================================================================
Received Import Request.
  Time since last request: 0.000804 seconds.
  path: Assets/Multistory Dungeons 2/Prefabs/Props/Candles_05.prefab
  artifactKey: Guid(9787aadb1e7e4d40967ab15f624bffc9) Importer(815301076,1909f56bfc062723c751e8b465ee728b)
Start importing Assets/Multistory Dungeons 2/Prefabs/Props/Candles_05.prefab using Guid(9787aadb1e7e4d40967ab15f624bffc9) Importer(815301076,1909f56bfc062723c751e8b465ee728b) [PhysX] Initialized MultithreadedTaskDispatcher with 4 workers.
[PhysX] Initialized MultithreadedTaskDispatcher with 4 workers.
 -> (artifact id: 'f9c9253a44dacd7e38e9e07ae3a664bd') in 0.180967 seconds
Number of updated asset objects reloaded before import = 0
Number of asset objects unloaded after import = 20
========================================================================
Received Import Request.
  Time since last request: 0.000030 seconds.
  path: Assets/Multistory Dungeons 2/Prefabs/Props/Furniture
  artifactKey: Guid(8b89d50e424940a4b7822bfd95705d26) Importer(815301076,1909f56bfc062723c751e8b465ee728b)
Start importing Assets/Multistory Dungeons 2/Prefabs/Props/Furniture using Guid(8b89d50e424940a4b7822bfd95705d26) Importer(815301076,1909f56bfc062723c751e8b465ee728b) [PhysX] Initialized MultithreadedTaskDispatcher with 4 workers.
 -> (artifact id: 'a58e8f23693ef2e3fba95a98a2b7e552') in 0.001788 seconds
Number of updated asset objects reloaded before import = 0
Number of asset objects unloaded after import = 0
========================================================================
Received Import Request.
  Time since last request: 0.000050 seconds.
  path: Assets/Multistory Dungeons 2/Prefabs/Props/Furniture/Cupboard_03.prefab
  artifactKey: Guid(dbd2951b893941f1821fa65212a274cd) Importer(815301076,1909f56bfc062723c751e8b465ee728b)
Start importing Assets/Multistory Dungeons 2/Prefabs/Props/Furniture/Cupboard_03.prefab using Guid(dbd2951b893941f1821fa65212a274cd) Importer(815301076,1909f56bfc062723c751e8b465ee728b) [PhysX] Initialized MultithreadedTaskDispatcher with 4 workers.
[PhysX] Initialized MultithreadedTaskDispatcher with 4 workers.
 -> (artifact id: 'f0637e8bd20ca21e49432dbf6e4be91a') in 0.295970 seconds
Number of updated asset objects reloaded before import = 0
Number of asset objects unloaded after import = 12
========================================================================
Received Import Request.
  Time since last request: 0.000051 seconds.
  path: Assets/Multistory Dungeons 2/Prefabs/Props/Candles_03.prefab
  artifactKey: Guid(57216b0d7e1f41d396ea9e5bb9117953) Importer(815301076,1909f56bfc062723c751e8b465ee728b)
Start importing Assets/Multistory Dungeons 2/Prefabs/Props/Candles_03.prefab using Guid(57216b0d7e1f41d396ea9e5bb9117953) Importer(815301076,1909f56bfc062723c751e8b465ee728b) [PhysX] Initialized MultithreadedTaskDispatcher with 4 workers.
[PhysX] Initialized MultithreadedTaskDispatcher with 4 workers.
 -> (artifact id: 'cdabff47a1f3d66cff3ca8e8e5e32d9a') in 0.177171 seconds
Number of updated asset objects reloaded before import = 0
Number of asset objects unloaded after import = 28
========================================================================
Received Import Request.
  Time since last request: 0.000049 seconds.
  path: Assets/Multistory Dungeons 2/Prefabs/Props/Candlestick_Floor_01_Lit.prefab
  artifactKey: Guid(aa299f61244143f084a68a37435cb7c4) Importer(815301076,1909f56bfc062723c751e8b465ee728b)
Start importing Assets/Multistory Dungeons 2/Prefabs/Props/Candlestick_Floor_01_Lit.prefab using Guid(aa299f61244143f084a68a37435cb7c4) Importer(815301076,1909f56bfc062723c751e8b465ee728b) [PhysX] Initialized MultithreadedTaskDispatcher with 4 workers.
[PhysX] Initialized MultithreadedTaskDispatcher with 4 workers.
 -> (artifact id: '09bc5398e50eb89cbc30b9dbed936202') in 0.246219 seconds
Number of updated asset objects reloaded before import = 0
Number of asset objects unloaded after import = 38
========================================================================
Received Import Request.
  Time since last request: 0.000098 seconds.
  path: Assets/Multistory Dungeons 2/Prefabs/Props/Candles_01.prefab
  artifactKey: Guid(b83d1fb4a7e14defb6ab7dd86e0ff3af) Importer(815301076,1909f56bfc062723c751e8b465ee728b)
Start importing Assets/Multistory Dungeons 2/Prefabs/Props/Candles_01.prefab using Guid(b83d1fb4a7e14defb6ab7dd86e0ff3af) Importer(815301076,1909f56bfc062723c751e8b465ee728b) [PhysX] Initialized MultithreadedTaskDispatcher with 4 workers.
[PhysX] Initialized MultithreadedTaskDispatcher with 4 workers.
 -> (artifact id: '41c0dd50531e3a31629bc498f4501277') in 0.130271 seconds
Number of updated asset objects reloaded before import = 0
Number of asset objects unloaded after import = 28
========================================================================
Received Import Request.
  Time since last request: 0.004262 seconds.
  path: Assets/Multistory Dungeons 2/Prefabs/Props/Barrels_Preset_03.prefab
  artifactKey: Guid(1de99f1c9e134fa8b97f4d761833de57) Importer(815301076,1909f56bfc062723c751e8b465ee728b)
Start importing Assets/Multistory Dungeons 2/Prefabs/Props/Barrels_Preset_03.prefab using Guid(1de99f1c9e134fa8b97f4d761833de57) Importer(815301076,1909f56bfc062723c751e8b465ee728b) [PhysX] Initialized MultithreadedTaskDispatcher with 4 workers.
[PhysX] Initialized MultithreadedTaskDispatcher with 4 workers.
 -> (artifact id: 'c2ef70c2207ce6dfd6f0615dc79b291e') in 0.200989 seconds
Number of updated asset objects reloaded before import = 0
Number of asset objects unloaded after import = 15
========================================================================
Received Import Request.
  Time since last request: 0.012211 seconds.
  path: Assets/Multistory Dungeons 2/Prefabs/Props
  artifactKey: Guid(f5514ea705d840568e3ae694276919c9) Importer(815301076,1909f56bfc062723c751e8b465ee728b)
Start importing Assets/Multistory Dungeons 2/Prefabs/Props using Guid(f5514ea705d840568e3ae694276919c9) Importer(815301076,1909f56bfc062723c751e8b465ee728b) [PhysX] Initialized MultithreadedTaskDispatcher with 4 workers.
 -> (artifact id: '9b29fdf8696e769249f735695adf2212') in 0.002169 seconds
Number of updated asset objects reloaded before import = 0
Number of asset objects unloaded after import = 0
========================================================================
Received Import Request.
  Time since last request: 0.000053 seconds.
  path: Assets/Multistory Dungeons 2/Prefabs/Props/Furniture/Shelf_Preset_02.prefab
  artifactKey: Guid(517e2520ef6b4a098fa2b4d0d98d7a39) Importer(815301076,1909f56bfc062723c751e8b465ee728b)
Start importing Assets/Multistory Dungeons 2/Prefabs/Props/Furniture/Shelf_Preset_02.prefab using Guid(517e2520ef6b4a098fa2b4d0d98d7a39) Importer(815301076,1909f56bfc062723c751e8b465ee728b) [PhysX] Initialized MultithreadedTaskDispatcher with 4 workers.
[PhysX] Initialized MultithreadedTaskDispatcher with 4 workers.
 -> (artifact id: '4bad1e1a9eb2de27f296dee1e132575e') in 0.351794 seconds
Number of updated asset objects reloaded before import = 0
Number of asset objects unloaded after import = 20
========================================================================
Received Import Request.
  Time since last request: 0.000059 seconds.
  path: Assets/Multistory Dungeons 2/Prefabs/Props/Furniture/Cupboard_Preset_06.prefab
  artifactKey: Guid(6bbaf0f5eff14833833d82961e6f0504) Importer(815301076,1909f56bfc062723c751e8b465ee728b)
Start importing Assets/Multistory Dungeons 2/Prefabs/Props/Furniture/Cupboard_Preset_06.prefab using Guid(6bbaf0f5eff14833833d82961e6f0504) Importer(815301076,1909f56bfc062723c751e8b465ee728b) [PhysX] Initialized MultithreadedTaskDispatcher with 4 workers.
[PhysX] Initialized MultithreadedTaskDispatcher with 4 workers.
 -> (artifact id: 'b56bffe9e29ab7c63c83786e7a8768da') in 0.933801 seconds
Number of updated asset objects reloaded before import = 0
Number of asset objects unloaded after import = 22
========================================================================
Received Import Request.
  Time since last request: 0.000063 seconds.
  path: Assets/Multistory Dungeons 2/Prefabs/Props/Lamp_01.prefab
  artifactKey: Guid(dfbde792590a4220a339d2b776e63f3b) Importer(815301076,1909f56bfc062723c751e8b465ee728b)
Start importing Assets/Multistory Dungeons 2/Prefabs/Props/Lamp_01.prefab using Guid(dfbde792590a4220a339d2b776e63f3b) Importer(815301076,1909f56bfc062723c751e8b465ee728b) [PhysX] Initialized MultithreadedTaskDispatcher with 4 workers.
[PhysX] Initialized MultithreadedTaskDispatcher with 4 workers.
 -> (artifact id: 'aec330cc9ea8c1da73a91e3a3e63928d') in 1.779642 seconds
Number of updated asset objects reloaded before import = 0
Number of asset objects unloaded after import = 21
